2020-10-09 22:40:30 INFO (MainThread) [homeassistant.setup] Setup of domain logger took 0.0 seconds
2020-10-09 22:40:30 INFO (MainThread) [homeassistant.setup] Setting up recorder
2020-10-09 22:40:30 INFO (MainThread) [homeassistant.setup] Setting up http
2020-10-09 22:40:30 INFO (MainThread) [homeassistant.setup] Setup of domain http took 0.0 seconds
2020-10-09 22:40:30 INFO (MainThread) [homeassistant.setup] Setup of domain recorder took 0.0 seconds
2020-10-09 22:40:30 INFO (MainThread) [homeassistant.setup] Setting up system_log
2020-10-09 22:40:30 INFO (MainThread) [homeassistant.setup] Setup of domain system_log took 0.0 seconds
2020-10-09 22:40:30 INFO (MainThread) [homeassistant.bootstrap] Setting up stage 1: {'system_log', 'frontend', 'lovelace', 'auth', 'alexa', 'api', 'webhook', 'http', 'image', 'cloud', 'onboarding', 'search', 'device_automation', 'person', 'config', 'websocket_api'}
2020-10-09 22:40:30 INFO (MainThread) [homeassistant.setup] Setting up lovelace
2020-10-09 22:40:30 INFO (MainThread) [homeassistant.setup] Setting up auth
2020-10-09 22:40:30 INFO (MainThread) [homeassistant.setup] Setup of domain auth took 0.0 seconds
2020-10-09 22:40:30 INFO (MainThread) [homeassistant.setup] Setting up alexa
2020-10-09 22:40:30 INFO (MainThread) [homeassistant.setup] Setup of domain alexa took 0.0 seconds
2020-10-09 22:40:30 INFO (MainThread) [homeassistant.setup] Setting up api
2020-10-09 22:40:30 INFO (MainThread) [homeassistant.setup] Setting up webhook
2020-10-09 22:40:30 INFO (MainThread) [homeassistant.setup] Setup of domain webhook took 0.0 seconds
2020-10-09 22:40:30 INFO (MainThread) [homeassistant.setup] Setting up device_automation
2020-10-09 22:40:30 INFO (MainThread) [homeassistant.setup] Setup of domain device_automation took 0.0 seconds
2020-10-09 22:40:30 INFO (MainThread) [homeassistant.setup] Setting up config
2020-10-09 22:40:30 INFO (MainThread) [homeassistant.setup] Setting up websocket_api
2020-10-09 22:40:30 INFO (MainThread) [homeassistant.setup] Setup of domain websocket_api took 0.0 seconds
2020-10-09 22:40:30 INFO (MainThread) [homeassistant.setup] Setup of domain api took 0.0 seconds
2020-10-09 22:40:30 INFO (MainThread) [homeassistant.setup] Setting up image
2020-10-09 22:40:30 INFO (MainThread) [homeassistant.setup] Setup of domain config took 0.0 seconds
2020-10-09 22:40:30 INFO (MainThread) [homeassistant.setup] Setup of domain lovelace took 0.2 seconds
2020-10-09 22:40:30 INFO (SyncWorker_38) [homeassistant.loader] Loaded google_assistant from homeassistant.components.google_assistant
2020-10-09 22:40:30 INFO (MainThread) [homeassistant.setup] Setting up search
2020-10-09 22:40:30 INFO (MainThread) [homeassistant.setup] Setup of domain search took 0.0 seconds
2020-10-09 22:40:30 INFO (SyncWorker_2) [homeassistant.loader] Loaded camera from homeassistant.components.camera
2020-10-09 22:40:30 INFO (MainThread) [homeassistant.setup] Setup of domain image took 0.0 seconds
2020-10-09 22:40:30 INFO (SyncWorker_5) [homeassistant.loader] Loaded media_player from homeassistant.components.media_player
2020-10-09 22:40:30 INFO (MainThread) [homeassistant.setup] Setting up person
2020-10-09 22:40:30 INFO (MainThread) [homeassistant.setup] Setting up cloud
2020-10-09 22:40:30 INFO (MainThread) [homeassistant.setup] Setup of domain cloud took 0.0 seconds
2020-10-09 22:40:30 INFO (MainThread) [homeassistant.setup] Setup of domain person took 0.4 seconds
2020-10-09 22:40:30 INFO (MainThread) [homeassistant.setup] Setting up onboarding
2020-10-09 22:40:30 INFO (MainThread) [homeassistant.setup] Setup of domain onboarding took 0.0 seconds
2020-10-09 22:40:30 INFO (SyncWorker_43) [homeassistant.loader] Loaded hassio from homeassistant.components.hassio
2020-10-09 22:40:30 INFO (SyncWorker_29) [homeassistant.loader] Loaded device_tracker from homeassistant.components.device_tracker
2020-10-09 22:40:30 INFO (SyncWorker_44) [homeassistant.loader] Loaded panel_custom from homeassistant.components.panel_custom
2020-10-09 22:40:30 INFO (MainThread) [homeassistant.setup] Setting up frontend
2020-10-09 22:40:30 INFO (MainThread) [homeassistant.setup] Setup of domain frontend took 0.0 seconds
2020-10-09 22:40:30 INFO (MainThread) [homeassistant.bootstrap] Setting up stage 2: {'apple_tv', 'tag', 'mobile_app', 'configurator', 'logbook', 'scene', 'automation', 'group', 'media_source', 'input_datetime', 'spotify', 'zeroconf', 'sun', 'history', 'met', 'input_text', 'map', 'ssdp', 'zone', 'default_config', 'script', 'updater', 'input_select', 'system_health', 'tts', 'input_boolean', 'input_number'}
2020-10-09 22:40:30 INFO (MainThread) [homeassistant.setup] Setting up tag
2020-10-09 22:40:30 INFO (MainThread) [homeassistant.setup] Setting up configurator
2020-10-09 22:40:30 INFO (MainThread) [homeassistant.setup] Setup of domain configurator took 0.0 seconds
2020-10-09 22:40:30 INFO (MainThread) [homeassistant.setup] Setting up logbook
2020-10-09 22:40:30 INFO (MainThread) [homeassistant.setup] Setting up scene
2020-10-09 22:40:30 INFO (MainThread) [homeassistant.components.scene] Setting up scene.homeassistant
2020-10-09 22:40:30 INFO (MainThread) [homeassistant.setup] Setting up automation
2020-10-09 22:40:30 INFO (MainThread) [homeassistant.setup] Setup of domain automation took 0.0 seconds
2020-10-09 22:40:30 INFO (MainThread) [homeassistant.setup] Setting up group
2020-10-09 22:40:30 INFO (MainThread) [homeassistant.setup] Setting up media_source
2020-10-09 22:40:30 INFO (MainThread) [homeassistant.setup] Setting up input_datetime
2020-10-09 22:40:30 INFO (MainThread) [homeassistant.setup] Setting up sun
2020-10-09 22:40:30 INFO (MainThread) [homeassistant.setup] Setup of domain sun took 0.0 seconds
2020-10-09 22:40:30 INFO (MainThread) [homeassistant.setup] Setting up history
2020-10-09 22:40:30 INFO (MainThread) [homeassistant.setup] Setup of domain history took 0.0 seconds
2020-10-09 22:40:30 INFO (MainThread) [homeassistant.setup] Setting up met
2020-10-09 22:40:30 INFO (MainThread) [homeassistant.setup] Setup of domain met took 0.0 seconds
2020-10-09 22:40:30 INFO (MainThread) [homeassistant.setup] Setting up input_text
2020-10-09 22:40:30 INFO (MainThread) [homeassistant.setup] Setting up map
2020-10-09 22:40:30 INFO (MainThread) [homeassistant.setup] Setup of domain map took 0.0 seconds
2020-10-09 22:40:30 INFO (MainThread) [homeassistant.setup] Setting up zone
2020-10-09 22:40:30 INFO (MainThread) [homeassistant.setup] Setting up script
2020-10-09 22:40:30 INFO (MainThread) [homeassistant.setup] Setup of domain script took 0.0 seconds
2020-10-09 22:40:31 INFO (MainThread) [homeassistant.setup] Setting up updater
2020-10-09 22:40:31 INFO (MainThread) [homeassistant.components.updater] Running on 'dev', only analytics will be submitted
2020-10-09 22:40:31 INFO (MainThread) [homeassistant.setup] Setup of domain updater took 0.0 seconds
2020-10-09 22:40:31 INFO (MainThread) [homeassistant.setup] Setting up input_select
2020-10-09 22:40:31 INFO (MainThread) [homeassistant.setup] Setting up system_health
2020-10-09 22:40:31 INFO (MainThread) [homeassistant.setup] Setup of domain system_health took 0.0 seconds
2020-10-09 22:40:31 INFO (MainThread) [homeassistant.setup] Setting up input_boolean
2020-10-09 22:40:31 INFO (MainThread) [homeassistant.setup] Setting up input_number
2020-10-09 22:40:31 INFO (SyncWorker_32) [homeassistant.loader] Loaded binary_sensor from homeassistant.components.binary_sensor
2020-10-09 22:40:31 INFO (MainThread) [homeassistant.setup] Setup of domain logbook took 0.1 seconds
2020-10-09 22:40:31 INFO (MainThread) [homeassistant.setup] Setup of domain scene took 0.1 seconds
2020-10-09 22:40:31 INFO (MainThread) [homeassistant.setup] Setup of domain group took 0.1 seconds
2020-10-09 22:40:31 INFO (MainThread) [homeassistant.setup] Setup of domain media_source took 0.1 seconds
2020-10-09 22:40:31 INFO (MainThread) [homeassistant.setup] Setting up zeroconf
2020-10-09 22:40:31 INFO (SyncWorker_22) [homeassistant.loader] Loaded google_translate from homeassistant.components.google_translate
2020-10-09 22:40:31 INFO (MainThread) [homeassistant.setup] Setup of domain tag took 0.1 seconds
2020-10-09 22:40:31 INFO (MainThread) [homeassistant.setup] Setting up binary_sensor
2020-10-09 22:40:31 INFO (MainThread) [homeassistant.setup] Setup of domain binary_sensor took 0.0 seconds
2020-10-09 22:40:31 INFO (MainThread) [homeassistant.setup] Setup of domain input_text took 0.1 seconds
2020-10-09 22:40:31 INFO (MainThread) [homeassistant.setup] Setup of domain input_datetime took 0.1 seconds
2020-10-09 22:40:31 INFO (MainThread) [homeassistant.setup] Setup of domain input_select took 0.1 seconds
2020-10-09 22:40:31 INFO (MainThread) [homeassistant.setup] Setup of domain input_number took 0.1 seconds
2020-10-09 22:40:31 INFO (MainThread) [homeassistant.setup] Setup of domain input_boolean took 0.1 seconds
2020-10-09 22:40:31 INFO (SyncWorker_34) [homeassistant.loader] Loaded discovery from homeassistant.components.discovery
2020-10-09 22:40:31 INFO (MainThread) [homeassistant.setup] Setup of domain zeroconf took 0.0 seconds
2020-10-09 22:40:31 INFO (MainThread) [homeassistant.setup] Setting up tts
2020-10-09 22:40:31 INFO (MainThread) [homeassistant.setup] Setting up spotify
2020-10-09 22:40:31 INFO (MainThread) [homeassistant.setup] Setup of domain spotify took 0.0 seconds
2020-10-09 22:40:31 INFO (MainThread) [homeassistant.setup] Setup of domain zone took 0.1 seconds
2020-10-09 22:40:31 INFO (MainThread) [homeassistant.components.binary_sensor] Setting up binary_sensor.updater
2020-10-09 22:40:31 INFO (SyncWorker_35) [homeassistant.loader] Loaded notify from homeassistant.components.notify
2020-10-09 22:40:31 INFO (MainThread) [homeassistant.setup] Setting up apple_tv
2020-10-09 22:40:31 INFO (MainThread) [homeassistant.setup] Setup of domain tts took 0.0 seconds
2020-10-09 22:40:31 INFO (MainThread) [homeassistant.setup] Setting up ssdp
2020-10-09 22:40:31 INFO (MainThread) [homeassistant.setup] Setup of domain ssdp took 0.0 seconds
2020-10-09 22:40:31 INFO (MainThread) [homeassistant.setup] Setting up mobile_app
2020-10-09 22:40:31 INFO (MainThread) [homeassistant.setup] Setting up media_player
2020-10-09 22:40:31 INFO (MainThread) [homeassistant.setup] Setup of domain media_player took 0.0 seconds
2020-10-09 22:40:31 INFO (MainThread) [homeassistant.setup] Setup of domain apple_tv took 0.1 seconds
2020-10-09 22:40:31 INFO (SyncWorker_55) [homeassistant.loader] Loaded remote from homeassistant.components.remote
2020-10-09 22:40:31 INFO (MainThread) [homeassistant.setup] Setting up remote
2020-10-09 22:40:31 INFO (MainThread) [homeassistant.setup] Setup of domain remote took 0.0 seconds
2020-10-09 22:40:31 INFO (MainThread) [homeassistant.setup] Setup of domain mobile_app took 0.0 seconds
2020-10-09 22:40:31 INFO (MainThread) [homeassistant.components.media_player] Setting up media_player.apple_tv
2020-10-09 22:40:31 INFO (MainThread) [homeassistant.setup] Setting up notify
2020-10-09 22:40:31 INFO (MainThread) [homeassistant.setup] Setup of domain notify took 0.0 seconds
2020-10-09 22:40:31 INFO (MainThread) [homeassistant.components.remote] Setting up remote.apple_tv
2020-10-09 22:40:31 INFO (MainThread) [homeassistant.setup] Setting up default_config
2020-10-09 22:40:31 INFO (MainThread) [homeassistant.setup] Setup of domain default_config took 0.0 seconds
2020-10-09 22:40:31 INFO (MainThread) [homeassistant.components.notify] Setting up notify.mobile_app
2020-10-09 22:40:31 INFO (MainThread) [pyatv.daap] Logged in and got session id 834594263
2020-10-09 22:40:31 INFO (MainThread) [homeassistant.components.media_player] Setting up media_player.spotify
2020-10-09 22:40:31 INFO (MainThread) [homeassistant.components.updater] Submitted analytics to Home Assistant servers. Information submitted includes {}
2020-10-09 22:40:31 INFO (SyncWorker_25) [homeassistant.loader] Loaded weather from homeassistant.components.weather
2020-10-09 22:40:31 INFO (MainThread) [homeassistant.setup] Setting up weather
2020-10-09 22:40:31 INFO (MainThread) [homeassistant.setup] Setup of domain weather took 0.0 seconds
2020-10-09 22:40:31 INFO (MainThread) [homeassistant.components.weather] Setting up weather.met
2020-10-09 22:40:31 INFO (MainThread) [homeassistant.components.weather] Not adding entity Home Hourly because it's disabled
2020-10-09 22:40:31 INFO (MainThread) [homeassistant.bootstrap] Home Assistant initialized in 1.89s
2020-10-09 22:40:31 WARNING (MainThread) [homeassistant.bootstrap] Support for the running Python version 3.7.9 is deprecated and will be removed in the first release after December 7, 2020. Please upgrade Python to 3.8.0 or higher.
2020-10-09 22:40:31 INFO (MainThread) [homeassistant.core] Starting Home Assistant
2020-10-09 22:40:31 INFO (SyncWorker_60) [homeassistant.components.zeroconf] Starting Zeroconf broadcast
2020-10-09 22:40:32 INFO (MainThread) [homeassistant.core] Timer:starting
2020-10-09 22:40:32 INFO (SyncWorker_18) [homeassistant.loader] Loaded cast from homeassistant.components.cast
2020-10-09 22:40:32 INFO (SyncWorker_63) [homeassistant.loader] Loaded ipp from homeassistant.components.ipp
2020-10-09 22:40:34 INFO (SyncWorker_22) [homeassistant.loader] Loaded upnp from homeassistant.components.upnp
2020-10-09 22:40:34 INFO (SyncWorker_0) [homeassistant.loader] Loaded denonavr from homeassistant.components.denonavr
2020-10-09 22:44:15 INFO (SyncWorker_16) [homeassistant.loader] Loaded upb from homeassistant.components.upb
2020-10-09 22:44:15 INFO (SyncWorker_16) [homeassistant.loader] Loaded zerproc from homeassistant.components.zerproc
2020-10-09 22:44:15 INFO (SyncWorker_16) [homeassistant.loader] Loaded ipma from homeassistant.components.ipma
2020-10-09 22:44:15 INFO (SyncWorker_16) [homeassistant.loader] Loaded blink from homeassistant.components.blink
2020-10-09 22:44:15 INFO (SyncWorker_25) [homeassistant.loader] Loaded huawei_lte from homeassistant.components.huawei_lte
2020-10-09 22:44:15 INFO (SyncWorker_25) [homeassistant.loader] Loaded konnected from homeassistant.components.konnected
2020-10-09 22:44:15 INFO (SyncWorker_2) [homeassistant.loader] Loaded opentherm_gw from homeassistant.components.opentherm_gw
2020-10-09 22:44:15 INFO (SyncWorker_17) [homeassistant.loader] Loaded songpal from homeassistant.components.songpal
2020-10-09 22:44:15 INFO (SyncWorker_2) [homeassistant.loader] Loaded dynalite from homeassistant.components.dynalite
2020-10-09 22:44:15 INFO (SyncWorker_58) [homeassistant.loader] Loaded poolsense from homeassistant.components.poolsense
2020-10-09 22:44:15 INFO (SyncWorker_16) [homeassistant.loader] Loaded rfxtrx from homeassistant.components.rfxtrx
2020-10-09 22:44:15 INFO (SyncWorker_16) [homeassistant.loader] Loaded xiaomi_miio from homeassistant.components.xiaomi_miio
2020-10-09 22:44:15 INFO (SyncWorker_25) [homeassistant.loader] Loaded coronavirus from homeassistant.components.coronavirus
2020-10-09 22:44:15 INFO (SyncWorker_16) [homeassistant.loader] Loaded meteo_france from homeassistant.components.meteo_france
2020-10-09 22:44:15 INFO (SyncWorker_39) [homeassistant.loader] Loaded solaredge from homeassistant.components.solaredge
2020-10-09 22:44:15 INFO (SyncWorker_25) [homeassistant.loader] Loaded plum_lightpad from homeassistant.components.plum_lightpad
2020-10-09 22:44:15 INFO (SyncWorker_25) [homeassistant.loader] Loaded eafm from homeassistant.components.eafm
2020-10-09 22:44:15 INFO (SyncWorker_24) [homeassistant.loader] Loaded smhi from homeassistant.components.smhi
2020-10-09 22:44:15 INFO (SyncWorker_17) [homeassistant.loader] Loaded rpi_power from homeassistant.components.rpi_power
2020-10-09 22:44:15 INFO (SyncWorker_58) [homeassistant.loader] Loaded soma from homeassistant.components.soma
2020-10-09 22:44:15 INFO (SyncWorker_59) [homeassistant.loader] Loaded shelly from homeassistant.components.shelly
2020-10-09 22:44:15 INFO (SyncWorker_25) [homeassistant.loader] Loaded airly from homeassistant.components.airly
2020-10-09 22:44:15 INFO (SyncWorker_38) [homeassistant.loader] Loaded flick_electric from homeassistant.components.flick_electric
2020-10-09 22:44:15 INFO (SyncWorker_16) [homeassistant.loader] Loaded vera from homeassistant.components.vera
2020-10-09 22:44:15 INFO (SyncWorker_59) [homeassistant.loader] Loaded rainmachine from homeassistant.components.rainmachine
2020-10-09 22:44:15 INFO (SyncWorker_27) [homeassistant.loader] Loaded tile from homeassistant.components.tile
2020-10-09 22:44:15 INFO (SyncWorker_39) [homeassistant.loader] Loaded squeezebox from homeassistant.components.squeezebox
2020-10-09 22:44:15 INFO (SyncWorker_18) [homeassistant.loader] Loaded myq from homeassistant.components.myq
2020-10-09 22:44:15 INFO (SyncWorker_26) [homeassistant.loader] Loaded plex from homeassistant.components.plex
2020-10-09 22:44:15 INFO (SyncWorker_27) [homeassistant.loader] Loaded mikrotik from homeassistant.components.mikrotik
2020-10-09 22:44:15 INFO (SyncWorker_2) [homeassistant.loader] Loaded flo from homeassistant.components.flo
2020-10-09 22:44:15 INFO (SyncWorker_40) [homeassistant.loader] Loaded harmony from homeassistant.components.harmony
2020-10-09 22:44:15 INFO (SyncWorker_17) [homeassistant.loader] Loaded powerwall from homeassistant.components.powerwall
2020-10-09 22:44:15 INFO (SyncWorker_24) [homeassistant.loader] Loaded abode from homeassistant.components.abode
2020-10-09 22:44:15 INFO (SyncWorker_38) [homeassistant.loader] Loaded flunearyou from homeassistant.components.flunearyou
2020-10-09 22:44:15 INFO (SyncWorker_26) [homeassistant.loader] Loaded panasonic_viera from homeassistant.components.panasonic_viera
2020-10-09 22:44:15 INFO (SyncWorker_5) [homeassistant.loader] Loaded smarthab from homeassistant.components.smarthab
2020-10-09 22:44:15 INFO (SyncWorker_58) [homeassistant.loader] Loaded hisense_aehw4a1 from homeassistant.components.hisense_aehw4a1
2020-10-09 22:44:15 INFO (SyncWorker_63) [homeassistant.loader] Loaded netatmo from homeassistant.components.netatmo
2020-10-09 22:44:15 INFO (SyncWorker_39) [homeassistant.loader] Loaded wilight from homeassistant.components.wilight
2020-10-09 22:44:15 INFO (SyncWorker_16) [homeassistant.loader] Loaded life360 from homeassistant.components.life360
2020-10-09 22:44:15 INFO (SyncWorker_17) [homeassistant.loader] Loaded hue from homeassistant.components.hue
2020-10-09 22:44:15 INFO (SyncWorker_25) [homeassistant.loader] Loaded zwave from homeassistant.components.zwave
2020-10-09 22:44:15 INFO (SyncWorker_11) [homeassistant.loader] Loaded volumio from homeassistant.components.volumio
2020-10-09 22:44:15 INFO (SyncWorker_2) [homeassistant.loader] Loaded bond from homeassistant.components.bond
2020-10-09 22:44:15 INFO (SyncWorker_27) [homeassistant.loader] Loaded mailgun from homeassistant.components.mailgun
2020-10-09 22:44:15 INFO (SyncWorker_42) [homeassistant.loader] Loaded smartthings from homeassistant.components.smartthings
2020-10-09 22:44:15 INFO (SyncWorker_40) [homeassistant.loader] Loaded pvpc_hourly_pricing from homeassistant.components.pvpc_hourly_pricing
2020-10-09 22:44:15 INFO (SyncWorker_60) [homeassistant.loader] Loaded local_ip from homeassistant.components.local_ip
2020-10-09 22:44:15 INFO (SyncWorker_26) [homeassistant.loader] Loaded unifi from homeassistant.components.unifi
2020-10-09 22:44:15 INFO (SyncWorker_59) [homeassistant.loader] Loaded owntracks from homeassistant.components.owntracks
2020-10-09 22:44:15 INFO (SyncWorker_39) [homeassistant.loader] Loaded gogogate2 from homeassistant.components.gogogate2
2020-10-09 22:44:15 INFO (SyncWorker_38) [homeassistant.loader] Loaded shopping_list from homeassistant.components.shopping_list
2020-10-09 22:44:15 INFO (SyncWorker_26) [homeassistant.loader] Loaded mill from homeassistant.components.mill
2020-10-09 22:44:15 INFO (SyncWorker_58) [homeassistant.loader] Loaded almond from homeassistant.components.almond
2020-10-09 22:44:15 INFO (SyncWorker_24) [homeassistant.loader] Loaded locative from homeassistant.components.locative
2020-10-09 22:44:15 INFO (SyncWorker_5) [homeassistant.loader] Loaded elkm1 from homeassistant.components.elkm1
2020-10-09 22:44:15 INFO (SyncWorker_26) [homeassistant.loader] Loaded profiler from homeassistant.components.profiler
2020-10-09 22:44:15 INFO (SyncWorker_26) [homeassistant.loader] Loaded notion from homeassistant.components.notion
2020-10-09 22:44:15 INFO (SyncWorker_25) [homeassistant.loader] Loaded totalconnect from homeassistant.components.totalconnect
2020-10-09 22:44:15 INFO (SyncWorker_26) [homeassistant.loader] Loaded enocean from homeassistant.components.enocean
2020-10-09 22:44:15 INFO (SyncWorker_41) [homeassistant.loader] Loaded plugwise from homeassistant.components.plugwise
2020-10-09 22:44:15 INFO (SyncWorker_42) [homeassistant.loader] Loaded spider from homeassistant.components.spider
2020-10-09 22:44:15 INFO (SyncWorker_62) [homeassistant.loader] Loaded nuheat from homeassistant.components.nuheat
2020-10-09 22:44:15 INFO (SyncWorker_38) [homeassistant.loader] Loaded smappee from homeassistant.components.smappee
2020-10-09 22:44:15 INFO (SyncWorker_38) [homeassistant.loader] Loaded hangouts from homeassistant.components.hangouts
2020-10-09 22:44:15 INFO (SyncWorker_38) [homeassistant.loader] Loaded sonos from homeassistant.components.sonos
2020-10-09 22:44:15 INFO (SyncWorker_38) [homeassistant.loader] Loaded plaato from homeassistant.components.plaato
2020-10-09 22:44:15 INFO (SyncWorker_38) [homeassistant.loader] Loaded lifx from homeassistant.components.lifx
2020-10-09 22:44:15 INFO (SyncWorker_38) [homeassistant.loader] Loaded tesla from homeassistant.components.tesla
2020-10-09 22:44:15 INFO (SyncWorker_38) [homeassistant.loader] Loaded kodi from homeassistant.components.kodi
2020-10-09 22:44:15 INFO (SyncWorker_38) [homeassistant.loader] Loaded ios from homeassistant.components.ios
2020-10-09 22:44:15 INFO (SyncWorker_38) [homeassistant.loader] Loaded acmeda from homeassistant.components.acmeda
2020-10-09 22:44:15 INFO (SyncWorker_38) [homeassistant.loader] Loaded roku from homeassistant.components.roku
2020-10-09 22:44:15 INFO (SyncWorker_38) [homeassistant.loader] Loaded bsblan from homeassistant.components.bsblan
2020-10-09 22:44:15 INFO (SyncWorker_38) [homeassistant.loader] Loaded sharkiq from homeassistant.components.sharkiq
2020-10-09 22:44:15 INFO (SyncWorker_38) [homeassistant.loader] Loaded isy994 from homeassistant.components.isy994
2020-10-09 22:44:15 INFO (SyncWorker_38) [homeassistant.loader] Loaded homekit_controller from homeassistant.components.homekit_controller
2020-10-09 22:44:15 INFO (SyncWorker_38) [homeassistant.loader] Loaded tasmota from homeassistant.components.tasmota
2020-10-09 22:44:15 INFO (SyncWorker_38) [homeassistant.loader] Loaded sonarr from homeassistant.components.sonarr
2020-10-09 22:44:15 INFO (SyncWorker_38) [homeassistant.loader] Loaded tradfri from homeassistant.components.tradfri
2020-10-09 22:44:15 INFO (SyncWorker_38) [homeassistant.loader] Loaded velbus from homeassistant.components.velbus
2020-10-09 22:44:15 INFO (SyncWorker_38) [homeassistant.loader] Loaded tibber from homeassistant.components.tibber
2020-10-09 22:44:15 INFO (SyncWorker_38) [homeassistant.loader] Loaded melcloud from homeassistant.components.melcloud
2020-10-09 22:44:15 INFO (SyncWorker_38) [homeassistant.loader] Loaded risco from homeassistant.components.risco
2020-10-09 22:44:15 INFO (SyncWorker_38) [homeassistant.loader] Loaded point from homeassistant.components.point
2020-10-09 22:44:15 INFO (SyncWorker_38) [homeassistant.loader] Loaded ozw from homeassistant.components.ozw
2020-10-09 22:44:15 INFO (SyncWorker_38) [homeassistant.loader] Loaded hlk_sw16 from homeassistant.components.hlk_sw16
2020-10-09 22:44:15 INFO (SyncWorker_38) [homeassistant.loader] Loaded monoprice from homeassistant.components.monoprice
2020-10-09 22:44:15 INFO (SyncWorker_38) [homeassistant.loader] Loaded glances from homeassistant.components.glances
2020-10-09 22:44:15 INFO (SyncWorker_38) [homeassistant.loader] Loaded tuya from homeassistant.components.tuya
2020-10-09 22:44:15 INFO (SyncWorker_38) [homeassistant.loader] Loaded vilfo from homeassistant.components.vilfo
2020-10-09 22:44:15 INFO (SyncWorker_38) [homeassistant.loader] Loaded izone from homeassistant.components.izone
2020-10-09 22:44:15 INFO (SyncWorker_38) [homeassistant.loader] Loaded roomba from homeassistant.components.roomba
2020-10-09 22:44:15 INFO (SyncWorker_38) [homeassistant.loader] Loaded wolflink from homeassistant.components.wolflink
2020-10-09 22:44:15 INFO (SyncWorker_38) [homeassistant.loader] Loaded coolmaster from homeassistant.components.coolmaster
2020-10-09 22:44:15 INFO (SyncWorker_38) [homeassistant.loader] Loaded gpslogger from homeassistant.components.gpslogger
2020-10-09 22:44:15 INFO (SyncWorker_38) [homeassistant.loader] Loaded omnilogic from homeassistant.components.omnilogic
2020-10-09 22:44:15 INFO (SyncWorker_38) [homeassistant.loader] Loaded geofency from homeassistant.components.geofency
2020-10-09 22:44:15 INFO (SyncWorker_38) [homeassistant.loader] Loaded ifttt from homeassistant.components.ifttt
2020-10-09 22:44:15 INFO (SyncWorker_38) [homeassistant.loader] Loaded islamic_prayer_times from homeassistant.components.islamic_prayer_times
2020-10-09 22:44:15 INFO (SyncWorker_38) [homeassistant.loader] Loaded axis from homeassistant.components.axis
2020-10-09 22:44:15 INFO (SyncWorker_38) [homeassistant.loader] Loaded nzbget from homeassistant.components.nzbget
2020-10-09 22:44:15 INFO (SyncWorker_38) [homeassistant.loader] Loaded logi_circle from homeassistant.components.logi_circle
2020-10-09 22:44:15 INFO (SyncWorker_38) [homeassistant.loader] Loaded ambient_station from homeassistant.components.ambient_station
2020-10-09 22:44:15 INFO (SyncWorker_38) [homeassistant.loader] Loaded atag from homeassistant.components.atag
2020-10-09 22:44:15 INFO (SyncWorker_38) [homeassistant.loader] Loaded sense from homeassistant.components.sense
2020-10-09 22:44:15 INFO (SyncWorker_30) [homeassistant.loader] Loaded emulated_roku from homeassistant.components.emulated_roku
2020-10-09 22:44:15 INFO (SyncWorker_25) [homeassistant.loader] Loaded solarlog from homeassistant.components.solarlog
2020-10-09 22:44:15 INFO (SyncWorker_19) [homeassistant.loader] Loaded juicenet from homeassistant.components.juicenet
2020-10-09 22:44:15 INFO (SyncWorker_26) [homeassistant.loader] Loaded neato from homeassistant.components.neato
2020-10-09 22:44:15 INFO (SyncWorker_18) [homeassistant.loader] Loaded accuweather from homeassistant.components.accuweather
2020-10-09 22:44:15 INFO (SyncWorker_11) [homeassistant.loader] Loaded withings from homeassistant.components.withings
2020-10-09 22:44:15 INFO (SyncWorker_1) [homeassistant.loader] Loaded twilio from homeassistant.components.twilio
2020-10-09 22:44:15 INFO (SyncWorker_63) [homeassistant.loader] Loaded goalzero from homeassistant.components.goalzero
2020-10-09 22:44:15 INFO (SyncWorker_40) [homeassistant.loader] Loaded openuv from homeassistant.components.openuv
2020-10-09 22:44:15 INFO (SyncWorker_62) [homeassistant.loader] Loaded agent_dvr from homeassistant.components.agent_dvr
2020-10-09 22:44:15 INFO (SyncWorker_38) [homeassistant.loader] Loaded tado from homeassistant.components.tado
2020-10-09 22:44:15 INFO (SyncWorker_17) [homeassistant.loader] Loaded guardian from homeassistant.components.guardian
2020-10-09 22:44:15 INFO (SyncWorker_20) [homeassistant.loader] Loaded twentemilieu from homeassistant.components.twentemilieu
2020-10-09 22:44:15 INFO (SyncWorker_39) [homeassistant.loader] Loaded ring from homeassistant.components.ring
2020-10-09 22:44:15 INFO (SyncWorker_41) [homeassistant.loader] Loaded avri from homeassistant.components.avri
2020-10-09 22:44:15 INFO (SyncWorker_27) [homeassistant.loader] Loaded syncthru from homeassistant.components.syncthru
2020-10-09 22:44:15 INFO (SyncWorker_20) [homeassistant.loader] Loaded nest from homeassistant.components.nest
2020-10-09 22:44:15 INFO (SyncWorker_19) [homeassistant.loader] Loaded synology_dsm from homeassistant.components.synology_dsm
2020-10-09 22:44:15 INFO (SyncWorker_16) [homeassistant.loader] Loaded elgato from homeassistant.components.elgato
2020-10-09 22:44:15 INFO (SyncWorker_41) [homeassistant.loader] Loaded daikin from homeassistant.components.daikin
2020-10-09 22:44:15 INFO (SyncWorker_59) [homeassistant.loader] Loaded nightscout from homeassistant.components.nightscout
2020-10-09 22:44:15 INFO (SyncWorker_17) [homeassistant.loader] Loaded pi_hole from homeassistant.components.pi_hole
2020-10-09 22:44:15 INFO (SyncWorker_24) [homeassistant.loader] Loaded openweathermap from homeassistant.components.openweathermap
2020-10-09 22:44:15 INFO (SyncWorker_38) [homeassistant.loader] Loaded wemo from homeassistant.components.wemo
2020-10-09 22:44:15 INFO (SyncWorker_2) [homeassistant.loader] Loaded samsungtv from homeassistant.components.samsungtv
2020-10-09 22:44:15 INFO (SyncWorker_63) [homeassistant.loader] Loaded dexcom from homeassistant.components.dexcom
2020-10-09 22:44:15 INFO (SyncWorker_58) [homeassistant.loader] Loaded simplisafe from homeassistant.components.simplisafe
2020-10-09 22:44:15 INFO (SyncWorker_5) [homeassistant.loader] Loaded dialogflow from homeassistant.components.dialogflow
2020-10-09 22:44:15 INFO (SyncWorker_1) [homeassistant.loader] Loaded starline from homeassistant.components.starline
2020-10-09 22:44:15 INFO (SyncWorker_30) [homeassistant.loader] Loaded garmin_connect from homeassistant.components.garmin_connect
2020-10-09 22:44:15 INFO (SyncWorker_26) [homeassistant.loader] Loaded doorbird from homeassistant.components.doorbird
2020-10-09 22:44:15 INFO (SyncWorker_42) [homeassistant.loader] Loaded control4 from homeassistant.components.control4
2020-10-09 22:44:15 INFO (SyncWorker_11) [homeassistant.loader] Loaded zha from homeassistant.components.zha
2020-10-09 22:44:15 INFO (SyncWorker_60) [homeassistant.loader] Loaded braviatv from homeassistant.components.braviatv
2020-10-09 22:44:15 INFO (SyncWorker_16) [homeassistant.loader] Loaded iqvia from homeassistant.components.iqvia
2020-10-09 22:44:15 INFO (SyncWorker_18) [homeassistant.loader] Loaded speedtestdotnet from homeassistant.components.speedtestdotnet
2020-10-09 22:44:15 INFO (SyncWorker_19) [homeassistant.loader] Loaded fritzbox from homeassistant.components.fritzbox
2020-10-09 22:44:15 INFO (SyncWorker_47) [homeassistant.loader] Loaded mqtt from homeassistant.components.mqtt
2020-10-09 22:44:15 INFO (SyncWorker_29) [homeassistant.loader] Loaded dunehd from homeassistant.components.dunehd
2020-10-09 22:44:15 INFO (SyncWorker_25) [homeassistant.loader] Loaded arcam_fmj from homeassistant.components.arcam_fmj
2020-10-09 22:44:15 INFO (SyncWorker_40) [homeassistant.loader] Loaded somfy from homeassistant.components.somfy
2020-10-09 22:44:15 INFO (SyncWorker_43) [homeassistant.loader] Loaded progettihwsw from homeassistant.components.progettihwsw
2020-10-09 22:44:15 INFO (SyncWorker_27) [homeassistant.loader] Loaded wled from homeassistant.components.wled
2020-10-09 22:44:15 INFO (SyncWorker_2) [homeassistant.loader] Loaded geonetnz_volcano from homeassistant.components.geonetnz_volcano
2020-10-09 22:44:15 INFO (SyncWorker_46) [homeassistant.loader] Loaded esphome from homeassistant.components.esphome
2020-10-09 22:44:15 INFO (SyncWorker_41) [homeassistant.loader] Loaded airvisual from homeassistant.components.airvisual
2020-10-09 22:44:15 INFO (SyncWorker_31) [homeassistant.loader] Loaded insteon from homeassistant.components.insteon
2020-10-09 22:44:15 INFO (SyncWorker_59) [homeassistant.loader] Loaded gdacs from homeassistant.components.gdacs
2020-10-09 22:44:15 INFO (SyncWorker_12) [homeassistant.loader] Loaded ps4 from homeassistant.components.ps4
2020-10-09 22:44:15 INFO (SyncWorker_38) [homeassistant.loader] Loaded xiaomi_aqara from homeassistant.components.xiaomi_aqara
2020-10-09 22:44:15 INFO (SyncWorker_62) [homeassistant.loader] Loaded onvif from homeassistant.components.onvif
2020-10-09 22:44:15 INFO (SyncWorker_17) [homeassistant.loader] Loaded freebox from homeassistant.components.freebox
2020-10-09 22:44:15 INFO (SyncWorker_3) [homeassistant.loader] Loaded brother from homeassistant.components.brother
2020-10-09 22:44:15 INFO (SyncWorker_24) [homeassistant.loader] Loaded homekit from homeassistant.components.homekit
2020-10-09 22:44:15 INFO (SyncWorker_1) [homeassistant.loader] Loaded ovo_energy from homeassistant.components.ovo_energy
2020-10-09 22:44:15 INFO (SyncWorker_31) [homeassistant.loader] Loaded iaqualink from homeassistant.components.iaqualink
2020-10-09 22:44:15 INFO (SyncWorker_63) [homeassistant.loader] Loaded roon from homeassistant.components.roon
2020-10-09 22:44:15 INFO (SyncWorker_26) [homeassistant.loader] Loaded icloud from homeassistant.components.icloud
2020-10-09 22:44:15 INFO (SyncWorker_12) [homeassistant.loader] Loaded flume from homeassistant.components.flume
2020-10-09 22:44:15 INFO (SyncWorker_39) [homeassistant.loader] Loaded gios from homeassistant.components.gios
2020-10-09 22:44:15 INFO (SyncWorker_63) [homeassistant.loader] Loaded wiffi from homeassistant.components.wiffi
2020-10-09 22:44:15 INFO (SyncWorker_63) [homeassistant.loader] Loaded tellduslive from homeassistant.components.tellduslive
2020-10-09 22:44:15 INFO (SyncWorker_46) [homeassistant.loader] Loaded griddy from homeassistant.components.griddy
2020-10-09 22:44:15 INFO (SyncWorker_30) [homeassistant.loader] Loaded blebox from homeassistant.components.blebox
2020-10-09 22:44:15 INFO (SyncWorker_59) [homeassistant.loader] Loaded sentry from homeassistant.components.sentry
2020-10-09 22:44:15 INFO (SyncWorker_27) [homeassistant.loader] Loaded luftdaten from homeassistant.components.luftdaten
2020-10-09 22:44:15 INFO (SyncWorker_20) [homeassistant.loader] Loaded august from homeassistant.components.august
2020-10-09 22:44:15 INFO (SyncWorker_47) [homeassistant.loader] Loaded devolo_home_control from homeassistant.components.devolo_home_control
2020-10-09 22:44:15 INFO (SyncWorker_19) [homeassistant.loader] Loaded forked_daapd from homeassistant.components.forked_daapd
2020-10-09 22:44:15 INFO (SyncWorker_18) [homeassistant.loader] Loaded cert_expiry from homeassistant.components.cert_expiry
2020-10-09 22:44:15 INFO (SyncWorker_43) [homeassistant.loader] Loaded tplink from homeassistant.components.tplink
2020-10-09 22:44:15 INFO (SyncWorker_5) [homeassistant.loader] Loaded transmission from homeassistant.components.transmission
2020-10-09 22:44:15 INFO (SyncWorker_25) [homeassistant.loader] Loaded nexia from homeassistant.components.nexia
2020-10-09 22:44:15 INFO (SyncWorker_41) [homeassistant.loader] Loaded smart_meter_texas from homeassistant.components.smart_meter_texas
2020-10-09 22:44:15 INFO (SyncWorker_58) [homeassistant.loader] Loaded toon from homeassistant.components.toon
2020-10-09 22:44:15 INFO (SyncWorker_60) [homeassistant.loader] Loaded metoffice from homeassistant.components.metoffice
2020-10-09 22:44:15 INFO (SyncWorker_26) [homeassistant.loader] Loaded heos from homeassistant.components.heos
2020-10-09 22:44:15 INFO (SyncWorker_16) [homeassistant.loader] Loaded yeelight from homeassistant.components.yeelight
2020-10-09 22:44:15 INFO (SyncWorker_21) [homeassistant.loader] Loaded alarmdecoder from homeassistant.components.alarmdecoder
2020-10-09 22:44:15 INFO (SyncWorker_42) [homeassistant.loader] Loaded nut from homeassistant.components.nut
2020-10-09 22:44:15 INFO (SyncWorker_29) [homeassistant.loader] Loaded geonetnz_quakes from homeassistant.components.geonetnz_quakes
2020-10-09 22:44:15 INFO (SyncWorker_38) [homeassistant.loader] Loaded awair from homeassistant.components.awair
2020-10-09 22:44:15 INFO (SyncWorker_1) [homeassistant.loader] Loaded ecobee from homeassistant.components.ecobee
2020-10-09 22:44:15 INFO (SyncWorker_24) [homeassistant.loader] Loaded directv from homeassistant.components.directv
2020-10-09 22:44:15 INFO (SyncWorker_27) [homeassistant.loader] Loaded deconz from homeassistant.components.deconz
2020-10-09 22:44:15 INFO (SyncWorker_40) [homeassistant.loader] Loaded vesync from homeassistant.components.vesync
2020-10-09 22:44:15 INFO (SyncWorker_3) [homeassistant.loader] Loaded rachio from homeassistant.components.rachio
2020-10-09 22:44:15 INFO (SyncWorker_12) [homeassistant.loader] Loaded traccar from homeassistant.components.traccar
2020-10-09 22:44:15 INFO (SyncWorker_62) [homeassistant.loader] Loaded adguard from homeassistant.components.adguard
2020-10-09 22:44:15 INFO (SyncWorker_13) [homeassistant.loader] Loaded canary from homeassistant.components.canary
2020-10-09 22:44:15 INFO (SyncWorker_2) [homeassistant.loader] Loaded minecraft_server from homeassistant.components.minecraft_server
2020-10-09 22:44:15 INFO (SyncWorker_11) [homeassistant.loader] Loaded homematicip_cloud from homeassistant.components.homematicip_cloud
2020-10-09 22:44:15 INFO (SyncWorker_39) [homeassistant.loader] Loaded home_connect from homeassistant.components.home_connect
2020-10-09 22:44:15 INFO (SyncWorker_17) [homeassistant.loader] Loaded azure_devops from homeassistant.components.azure_devops
2020-10-09 22:44:15 INFO (SyncWorker_25) [homeassistant.loader] Loaded hvv_departures from homeassistant.components.hvv_departures
2020-10-09 22:44:15 INFO (SyncWorker_28) [homeassistant.loader] Loaded vizio from homeassistant.components.vizio
2020-10-09 22:44:15 INFO (SyncWorker_30) [homeassistant.loader] Loaded ambiclimate from homeassistant.components.ambiclimate
2020-10-09 22:44:15 INFO (SyncWorker_31) [homeassistant.loader] Loaded hunterdouglas_powerview from homeassistant.components.hunterdouglas_powerview
2020-10-09 22:44:15 INFO (SyncWorker_59) [homeassistant.loader] Loaded broadlink from homeassistant.components.broadlink
2020-10-09 22:44:15 INFO (SyncWorker_63) [homeassistant.loader] Loaded nws from homeassistant.components.nws
2020-10-09 22:44:15 INFO (SyncWorker_5) [homeassistant.loader] Loaded sms from homeassistant.components.sms
